---------------------------------------------------------
23-11-2015 01:08:37 : Payment Processing Started...
23-11-2015 01:08:37 : 
23-11-2015 01:08:38 : Processing Individual Payments...
23-11-2015 01:08:38 : CallPayPalPayment...
23-11-2015 01:08:42 : PayPal - Started
23-11-2015 01:08:48 : PayPal - Completed
23-11-2015 01:08:48 : Billing Agreement ID : B-0E120776LL621931R
23-11-2015 01:08:48 :      Approved? : True
23-11-2015 01:08:48 :      Message   : SUCCESS
CallPayPalPayment...
23-11-2015 01:08:48 : 
23-11-2015 01:08:48 : Payment Processing for the day Completed!!!
---------------------------------------------------------
---------------------------------------------------------
23-11-2015 01:08:37 : Payment Processing Started...
23-11-2015 01:08:37 : 
23-11-2015 01:08:38 : Processing Individual Payments...
23-11-2015 01:08:38 : CallPayPalPayment...
23-11-2015 01:08:42 : PayPal - Started
23-11-2015 01:08:48 : PayPal - Completed
23-11-2015 01:08:48 : Billing Agreement ID : B-0E120776LL621931R
23-11-2015 01:08:48 :      Approved? : True
23-11-2015 01:08:48 :      Message   : SUCCESS
CallPayPalPayment...
23-11-2015 01:08:48 : 
23-11-2015 01:08:48 : Payment Processing for the day Completed!!!
---------------------------------------------------------
---------------------------------------------------------
23-11-2015 01:08:48 : De-Activate ExpiredSubscription Processing Started...
23-11-2015 01:08:48 : 
23-11-2015 01:08:48 : 
23-11-2015 01:08:48 : De-Activate ExpiredSubscription Processing for the day Completed!!!
---------------------------------------------------------
---------------------------------------------------------
23-11-2015 01:09:45 : Payment Processing Started...
23-11-2015 01:09:45 : 
23-11-2015 01:09:46 : Processing Individual Payments...
23-11-2015 01:09:46 : 
23-11-2015 01:09:46 : Payment Processing for the day Completed!!!
---------------------------------------------------------
---------------------------------------------------------
23-11-2015 01:09:45 : Payment Processing Started...
23-11-2015 01:09:45 : 
23-11-2015 01:09:46 : Processing Individual Payments...
23-11-2015 01:09:46 : 
23-11-2015 01:09:46 : Payment Processing for the day Completed!!!
---------------------------------------------------------
---------------------------------------------------------
23-11-2015 01:09:46 : De-Activate ExpiredSubscription Processing Started...
23-11-2015 01:09:46 : 
23-11-2015 01:09:46 : 
23-11-2015 01:09:46 : De-Activate ExpiredSubscription Processing for the day Completed!!!
---------------------------------------------------------
---------------------------------------------------------
23-11-2015 02:35:24 : Payment Processing Started...
23-11-2015 02:35:24 : 
23-11-2015 02:35:24 : Processing Individual Payments...
23-11-2015 02:35:24 : 
23-11-2015 02:35:24 : Payment Processing for the day Completed!!!
---------------------------------------------------------
---------------------------------------------------------
23-11-2015 02:35:24 : Payment Processing Started...
23-11-2015 02:35:24 : 
23-11-2015 02:35:24 : Processing Individual Payments...
23-11-2015 02:35:24 : 
23-11-2015 02:35:24 : Payment Processing for the day Completed!!!
---------------------------------------------------------
---------------------------------------------------------
23-11-2015 02:35:24 : De-Activate ExpiredSubscription Processing Started...
23-11-2015 02:35:24 : 
23-11-2015 02:35:24 : 
23-11-2015 02:35:24 : De-Activate ExpiredSubscription Processing for the day Completed!!!
---------------------------------------------------------
---------------------------------------------------------
23-11-2015 02:35:35 : Payment Processing Started...
23-11-2015 02:35:35 : 
23-11-2015 02:35:35 : Processing Individual Payments...
23-11-2015 02:35:35 : 
23-11-2015 02:35:35 : Payment Processing for the day Completed!!!
---------------------------------------------------------
---------------------------------------------------------
23-11-2015 02:35:35 : Payment Processing Started...
23-11-2015 02:35:35 : 
23-11-2015 02:35:35 : Processing Individual Payments...
23-11-2015 02:35:35 : 
23-11-2015 02:35:35 : Payment Processing for the day Completed!!!
---------------------------------------------------------
---------------------------------------------------------
23-11-2015 02:35:35 : De-Activate ExpiredSubscription Processing Started...
23-11-2015 02:35:35 : 
23-11-2015 02:35:35 : 
23-11-2015 02:35:35 : De-Activate ExpiredSubscription Processing for the day Completed!!!
---------------------------------------------------------
---------------------------------------------------------
23-11-2015 02:35:54 : Payment Processing Started...
23-11-2015 02:35:54 : 
23-11-2015 02:36:01 : Processing Individual Payments...
23-11-2015 02:36:05 : 
23-11-2015 02:36:06 : Payment Processing for the day Completed!!!
---------------------------------------------------------
---------------------------------------------------------
23-11-2015 02:35:54 : Payment Processing Started...
23-11-2015 02:35:54 : 
23-11-2015 02:36:01 : Processing Individual Payments...
23-11-2015 02:36:05 : 
23-11-2015 02:36:06 : Payment Processing for the day Completed!!!
---------------------------------------------------------
---------------------------------------------------------
23-11-2015 02:36:08 : De-Activate ExpiredSubscription Processing Started...
23-11-2015 02:36:08 : 
23-11-2015 02:36:13 : 
23-11-2015 02:36:13 : De-Activate ExpiredSubscription Processing for the day Completed!!!
---------------------------------------------------------
---------------------------------------------------------
23-11-2015 02:39:49 : Payment Processing Started...
23-11-2015 02:39:49 : 
23-11-2015 02:39:53 : Processing Individual Payments...
23-11-2015 02:40:06 : CallPayPalPayment...
23-11-2015 02:40:12 : PayPal - Started
23-11-2015 02:41:04 : PayPal - Completed
23-11-2015 02:41:41 : Billing Agreement ID : B-0E120776LL621931R
23-11-2015 02:41:41 :      Approved? : True
23-11-2015 02:41:41 :      Message   : SUCCESS
CallPayPalPayment...
23-11-2015 02:41:41 : 
23-11-2015 02:41:41 : Payment Processing for the day Completed!!!
---------------------------------------------------------
---------------------------------------------------------
23-11-2015 02:39:49 : Payment Processing Started...
23-11-2015 02:39:49 : 
23-11-2015 02:39:53 : Processing Individual Payments...
23-11-2015 02:40:06 : CallPayPalPayment...
23-11-2015 02:40:12 : PayPal - Started
23-11-2015 02:41:04 : PayPal - Completed
23-11-2015 02:41:41 : Billing Agreement ID : B-0E120776LL621931R
23-11-2015 02:41:41 :      Approved? : True
23-11-2015 02:41:41 :      Message   : SUCCESS
CallPayPalPayment...
23-11-2015 02:41:41 : 
23-11-2015 02:41:41 : Payment Processing for the day Completed!!!
---------------------------------------------------------
---------------------------------------------------------
23-11-2015 02:41:41 : De-Activate ExpiredSubscription Processing Started...
23-11-2015 02:41:41 : 
23-11-2015 02:41:41 : 
23-11-2015 02:41:41 : De-Activate ExpiredSubscription Processing for the day Completed!!!
---------------------------------------------------------
---------------------------------------------------------
23-11-2015 02:47:14 : Payment Processing Started...
23-11-2015 02:47:14 : 
23-11-2015 02:47:15 : Processing Individual Payments...
23-11-2015 02:47:21 : CallPayPalPayment...
23-11-2015 02:47:28 : PayPal - Started
23-11-2015 02:48:33 : PayPal - Completed
23-11-2015 02:48:33 : Billing Agreement ID : B-0E120776LL621931R
23-11-2015 02:48:33 :      Approved? : True
23-11-2015 02:48:33 :      Message   : SUCCESS
CallPayPalPayment...
23-11-2015 02:48:33 : 
23-11-2015 02:48:33 : Payment Processing for the day Completed!!!
---------------------------------------------------------
---------------------------------------------------------
23-11-2015 02:47:14 : Payment Processing Started...
23-11-2015 02:47:14 : 
23-11-2015 02:47:15 : Processing Individual Payments...
23-11-2015 02:47:21 : CallPayPalPayment...
23-11-2015 02:47:28 : PayPal - Started
23-11-2015 02:48:33 : PayPal - Completed
23-11-2015 02:48:33 : Billing Agreement ID : B-0E120776LL621931R
23-11-2015 02:48:33 :      Approved? : True
23-11-2015 02:48:33 :      Message   : SUCCESS
CallPayPalPayment...
23-11-2015 02:48:33 : 
23-11-2015 02:48:33 : Payment Processing for the day Completed!!!
---------------------------------------------------------
---------------------------------------------------------
23-11-2015 02:48:33 : De-Activate ExpiredSubscription Processing Started...
23-11-2015 02:48:33 : 
23-11-2015 02:48:33 : 
23-11-2015 02:48:33 : De-Activate ExpiredSubscription Processing for the day Completed!!!
---------------------------------------------------------
---------------------------------------------------------
23-11-2015 02:57:41 : Payment Processing Started...
23-11-2015 02:57:41 : 
23-11-2015 02:57:42 : Processing Individual Payments...
23-11-2015 02:57:42 : CallAuthorizeNetPayment...
23-11-2015 02:57:42 : Authorize.net - Started
23-11-2015 02:57:48 : Authorize.net - Completed
23-11-2015 02:57:48 : Customer Profile ID : 31492015
23-11-2015 02:57:48 :      Approved? : True
23-11-2015 02:57:48 :      Message   : This transaction has been approved.
CallAuthorizeNetPayment...
23-11-2015 02:57:48 : 
23-11-2015 02:57:48 : Payment Processing for the day Completed!!!
---------------------------------------------------------
---------------------------------------------------------
23-11-2015 02:57:41 : Payment Processing Started...
23-11-2015 02:57:41 : 
23-11-2015 02:57:42 : Processing Individual Payments...
23-11-2015 02:57:42 : CallAuthorizeNetPayment...
23-11-2015 02:57:42 : Authorize.net - Started
23-11-2015 02:57:48 : Authorize.net - Completed
23-11-2015 02:57:48 : Customer Profile ID : 31492015
23-11-2015 02:57:48 :      Approved? : True
23-11-2015 02:57:48 :      Message   : This transaction has been approved.
CallAuthorizeNetPayment...
23-11-2015 02:57:48 : 
23-11-2015 02:57:48 : Payment Processing for the day Completed!!!
---------------------------------------------------------
---------------------------------------------------------
23-11-2015 02:57:48 : De-Activate ExpiredSubscription Processing Started...
23-11-2015 02:57:48 : 
23-11-2015 02:57:48 : 
23-11-2015 02:57:48 : De-Activate ExpiredSubscription Processing for the day Completed!!!
---------------------------------------------------------
---------------------------------------------------------
23-11-2015 04:56:25 : Payment Processing Started...
23-11-2015 04:56:25 : 
23-11-2015 04:56:25 : Processing Individual Payments...
23-11-2015 04:56:25 : CallAuthorizeNetPayment...
23-11-2015 04:56:26 : Authorize.net - Started
23-11-2015 04:57:09 : Authorize.net - Completed
23-11-2015 04:57:09 : Customer Profile ID : 31492015
23-11-2015 04:57:09 :      Approved? : True
23-11-2015 04:57:09 :      Message   : This transaction has been approved.
CallAuthorizeNetPayment...
23-11-2015 04:57:09 : 
23-11-2015 04:57:09 : Payment Processing for the day Completed!!!
---------------------------------------------------------
---------------------------------------------------------
23-11-2015 04:56:25 : Payment Processing Started...
23-11-2015 04:56:25 : 
23-11-2015 04:56:25 : Processing Individual Payments...
23-11-2015 04:56:25 : CallAuthorizeNetPayment...
23-11-2015 04:56:26 : Authorize.net - Started
23-11-2015 04:57:09 : Authorize.net - Completed
23-11-2015 04:57:09 : Customer Profile ID : 31492015
23-11-2015 04:57:09 :      Approved? : True
23-11-2015 04:57:09 :      Message   : This transaction has been approved.
CallAuthorizeNetPayment...
23-11-2015 04:57:09 : 
23-11-2015 04:57:09 : Payment Processing for the day Completed!!!
---------------------------------------------------------
---------------------------------------------------------
23-11-2015 04:57:09 : De-Activate ExpiredSubscription Processing Started...
23-11-2015 04:57:09 : 
23-11-2015 04:57:09 : 
23-11-2015 04:57:09 : De-Activate ExpiredSubscription Processing for the day Completed!!!
---------------------------------------------------------
---------------------------------------------------------
23-11-2015 05:50:54 : Payment Processing Started...
23-11-2015 05:50:54 : 
23-11-2015 05:50:55 : Processing Individual Payments...
23-11-2015 05:50:55 : CallPayPalPayment...
23-11-2015 05:50:56 : PayPal - Started
23-11-2015 05:51:21 : PayPal - Completed
23-11-2015 05:51:21 : Billing Agreement ID : B-0E120776LL621931R
23-11-2015 05:51:21 :      Approved? : True
23-11-2015 05:51:21 :      Message   : SUCCESS
CallPayPalPayment...
23-11-2015 05:51:21 : 
23-11-2015 05:51:21 : Payment Processing for the day Completed!!!
---------------------------------------------------------
---------------------------------------------------------
23-11-2015 05:50:54 : Payment Processing Started...
23-11-2015 05:50:54 : 
23-11-2015 05:50:55 : Processing Individual Payments...
23-11-2015 05:50:55 : CallPayPalPayment...
23-11-2015 05:50:56 : PayPal - Started
23-11-2015 05:51:21 : PayPal - Completed
23-11-2015 05:51:21 : Billing Agreement ID : B-0E120776LL621931R
23-11-2015 05:51:21 :      Approved? : True
23-11-2015 05:51:21 :      Message   : SUCCESS
CallPayPalPayment...
23-11-2015 05:51:21 : 
23-11-2015 05:51:21 : Payment Processing for the day Completed!!!
---------------------------------------------------------
---------------------------------------------------------
23-11-2015 05:51:21 : De-Activate ExpiredSubscription Processing Started...
23-11-2015 05:51:21 : 
23-11-2015 05:51:21 : 
23-11-2015 05:51:21 : De-Activate ExpiredSubscription Processing for the day Completed!!!
---------------------------------------------------------
---------------------------------------------------------
23-11-2015 05:52:18 : Payment Processing Started...
23-11-2015 05:52:18 : 
23-11-2015 05:52:18 : Processing Individual Payments...
23-11-2015 05:52:18 : CallAuthorizeNetPayment...
23-11-2015 05:52:18 : Authorize.net - Started
23-11-2015 05:52:39 : Authorize.net - Completed
23-11-2015 05:52:39 : Customer Profile ID : 31492015
23-11-2015 05:52:39 :      Approved? : True
23-11-2015 05:52:39 :      Message   : This transaction has been approved.
CallAuthorizeNetPayment...
23-11-2015 05:52:39 : CallPayPalPayment...
23-11-2015 05:52:39 : PayPal - Started
23-11-2015 05:52:56 : PayPal - Completed
23-11-2015 05:52:56 : Billing Agreement ID : B-0E120776LL621931R
23-11-2015 05:52:56 :      Approved? : True
23-11-2015 05:52:56 :      Message   : SUCCESS
CallPayPalPayment...
23-11-2015 05:52:56 : 
23-11-2015 05:52:56 : Payment Processing for the day Completed!!!
---------------------------------------------------------
---------------------------------------------------------
23-11-2015 05:52:18 : Payment Processing Started...
23-11-2015 05:52:18 : 
23-11-2015 05:52:18 : Processing Individual Payments...
23-11-2015 05:52:18 : CallAuthorizeNetPayment...
23-11-2015 05:52:18 : Authorize.net - Started
23-11-2015 05:52:39 : Authorize.net - Completed
23-11-2015 05:52:39 : Customer Profile ID : 31492015
23-11-2015 05:52:39 :      Approved? : True
23-11-2015 05:52:39 :      Message   : This transaction has been approved.
CallAuthorizeNetPayment...
23-11-2015 05:52:39 : CallPayPalPayment...
23-11-2015 05:52:39 : PayPal - Started
23-11-2015 05:52:56 : PayPal - Completed
23-11-2015 05:52:56 : Billing Agreement ID : B-0E120776LL621931R
23-11-2015 05:52:56 :      Approved? : True
23-11-2015 05:52:56 :      Message   : SUCCESS
CallPayPalPayment...
23-11-2015 05:52:56 : 
23-11-2015 05:52:56 : Payment Processing for the day Completed!!!
---------------------------------------------------------
---------------------------------------------------------
23-11-2015 05:52:56 : De-Activate ExpiredSubscription Processing Started...
23-11-2015 05:52:56 : 
23-11-2015 05:52:56 : 
23-11-2015 05:52:56 : De-Activate ExpiredSubscription Processing for the day Completed!!!
---------------------------------------------------------
