---------------------------------------------------------
29-01-2016 02:35:41 : Payment Processing Started...
29-01-2016 02:35:41 : 
29-01-2016 02:35:42 : Processing Individual Payments...
29-01-2016 02:35:42 : CallAuthorizeNetPayment...
29-01-2016 02:35:45 : Authorize.net - Started
29-01-2016 02:36:01 : Authorize.net - Completed
29-01-2016 02:36:01 : Customer Profile ID : 36058374
29-01-2016 02:36:01 :      Approved? : True
29-01-2016 02:36:01 :      Message   : This transaction has been approved.
CallAuthorizeNetPayment...
29-01-2016 02:36:01 : 
29-01-2016 02:36:01 : Payment Processing for the day Completed!!!
---------------------------------------------------------
---------------------------------------------------------
29-01-2016 02:35:41 : Payment Processing Started...
29-01-2016 02:35:41 : 
29-01-2016 02:35:42 : Processing Individual Payments...
29-01-2016 02:35:42 : CallAuthorizeNetPayment...
29-01-2016 02:35:45 : Authorize.net - Started
29-01-2016 02:36:01 : Authorize.net - Completed
29-01-2016 02:36:01 : Customer Profile ID : 36058374
29-01-2016 02:36:01 :      Approved? : True
29-01-2016 02:36:01 :      Message   : This transaction has been approved.
CallAuthorizeNetPayment...
29-01-2016 02:36:01 : 
29-01-2016 02:36:01 : Payment Processing for the day Completed!!!
---------------------------------------------------------
---------------------------------------------------------
29-01-2016 02:36:01 : De-Activate ExpiredSubscription Processing Started...
29-01-2016 02:36:01 : 
29-01-2016 02:36:01 : 
29-01-2016 02:36:01 : De-Activate ExpiredSubscription Processing for the day Completed!!!
---------------------------------------------------------
