---------------------------------------------------------
04-10-2014 02:17:38 : Payment Processing Started...
04-10-2014 02:17:38 : 
04-10-2014 02:17:43 : Processing Individual Payments...
04-10-2014 02:17:43 : CallPayPalPayment...
04-10-2014 02:17:50 : PayPal - Started
04-10-2014 02:17:57 : PayPal - Completed
04-10-2014 02:17:58 : Billing Agreement ID : B-36L19404RF9938839
04-10-2014 02:17:58 :      Approved? : True
04-10-2014 02:17:58 :      Message   : SUCCESS
CallPayPalPayment...
04-10-2014 02:18:15 : 
04-10-2014 02:18:15 : Payment Processing for the day Completed!!!
---------------------------------------------------------
---------------------------------------------------------
04-10-2014 02:17:38 : Payment Processing Started...
04-10-2014 02:17:38 : 
04-10-2014 02:17:43 : Processing Individual Payments...
04-10-2014 02:17:43 : CallPayPalPayment...
04-10-2014 02:17:50 : PayPal - Started
04-10-2014 02:17:57 : PayPal - Completed
04-10-2014 02:17:58 : Billing Agreement ID : B-36L19404RF9938839
04-10-2014 02:17:58 :      Approved? : True
04-10-2014 02:17:58 :      Message   : SUCCESS
CallPayPalPayment...
04-10-2014 02:18:15 : 
04-10-2014 02:18:15 : Payment Processing for the day Completed!!!
---------------------------------------------------------
---------------------------------------------------------
04-10-2014 02:18:15 : De-Activate ExpiredSubscription Processing Started...
04-10-2014 02:18:15 : 
04-10-2014 02:18:16 : 
04-10-2014 02:18:16 : De-Activate ExpiredSubscription Processing for the day Completed!!!
---------------------------------------------------------
