---------------------------------------------------------
28-10-2014 03:45:51 : Payment Processing Started...
28-10-2014 03:45:51 : 
28-10-2014 03:45:59 : Processing Individual Payments...
28-10-2014 03:45:59 : CallPayPalPayment...
28-10-2014 03:46:05 : PayPal - Started
28-10-2014 03:46:12 : PayPal - Completed
28-10-2014 03:46:13 : Billing Agreement ID : B-6UB45696FE121950R
28-10-2014 03:46:13 :      Approved? : True
28-10-2014 03:46:13 :      Message   : SUCCESS
CallPayPalPayment...
28-10-2014 03:46:33 : 
28-10-2014 03:46:33 : Payment Processing for the day Completed!!!
---------------------------------------------------------
---------------------------------------------------------
28-10-2014 03:45:51 : Payment Processing Started...
28-10-2014 03:45:51 : 
28-10-2014 03:45:59 : Processing Individual Payments...
28-10-2014 03:45:59 : CallPayPalPayment...
28-10-2014 03:46:05 : PayPal - Started
28-10-2014 03:46:12 : PayPal - Completed
28-10-2014 03:46:13 : Billing Agreement ID : B-6UB45696FE121950R
28-10-2014 03:46:13 :      Approved? : True
28-10-2014 03:46:13 :      Message   : SUCCESS
CallPayPalPayment...
28-10-2014 03:46:33 : 
28-10-2014 03:46:33 : Payment Processing for the day Completed!!!
---------------------------------------------------------
---------------------------------------------------------
28-10-2014 03:46:33 : De-Activate ExpiredSubscription Processing Started...
28-10-2014 03:46:33 : 
28-10-2014 03:46:34 : 
28-10-2014 03:46:34 : De-Activate ExpiredSubscription Processing for the day Completed!!!
---------------------------------------------------------
