---------------------------------------------------------
03-10-2014 12:26:24 : Payment Processing Started...
03-10-2014 12:26:24 : 
03-10-2014 12:26:31 : Processing Individual Payments...
03-10-2014 12:26:31 : CallAuthorizeNetPayment...
03-10-2014 12:26:42 : Authorize.net - Started
03-10-2014 12:26:49 : Authorize.net - Completed
03-10-2014 12:26:51 : Customer Profile ID : 117391482
03-10-2014 12:26:51 :      Approved? : True
03-10-2014 12:26:51 :      Message   : This transaction has been approved.
CallAuthorizeNetPayment...
03-10-2014 12:27:12 : CallAuthorizeNetPayment...
03-10-2014 12:27:13 : Authorize.net - Started
03-10-2014 12:27:16 : Authorize.net - Completed
03-10-2014 12:27:17 : Customer Profile ID : 93624951
03-10-2014 12:27:17 :      Approved? : False
03-10-2014 12:27:17 :      Message   : The credit card has expired.
CallAuthorizeNetPayment...
03-10-2014 12:27:39 : CallAuthorizeNetPayment...
03-10-2014 12:27:39 : Authorize.net - Started
03-10-2014 12:27:46 : Authorize.net - Completed
03-10-2014 12:27:47 : Customer Profile ID : 98608917
03-10-2014 12:27:47 :      Approved? : True
03-10-2014 12:27:47 :      Message   : This transaction has been approved.
CallAuthorizeNetPayment...
03-10-2014 12:28:05 : CallPayPalPayment...
03-10-2014 12:28:07 : PayPal - Started
03-10-2014 12:28:17 : PayPal - Completed
03-10-2014 12:28:18 : Billing Agreement ID : B-64014079UE6965704
03-10-2014 12:28:18 :      Approved? : True
03-10-2014 12:28:18 :      Message   : SUCCESS
CallPayPalPayment...
03-10-2014 12:28:36 : 
03-10-2014 12:28:36 : Payment Processing for the day Completed!!!
---------------------------------------------------------
---------------------------------------------------------
03-10-2014 12:26:24 : Payment Processing Started...
03-10-2014 12:26:24 : 
03-10-2014 12:26:31 : Processing Individual Payments...
03-10-2014 12:26:31 : CallAuthorizeNetPayment...
03-10-2014 12:26:42 : Authorize.net - Started
03-10-2014 12:26:49 : Authorize.net - Completed
03-10-2014 12:26:51 : Customer Profile ID : 117391482
03-10-2014 12:26:51 :      Approved? : True
03-10-2014 12:26:51 :      Message   : This transaction has been approved.
CallAuthorizeNetPayment...
03-10-2014 12:27:12 : CallAuthorizeNetPayment...
03-10-2014 12:27:13 : Authorize.net - Started
03-10-2014 12:27:16 : Authorize.net - Completed
03-10-2014 12:27:17 : Customer Profile ID : 93624951
03-10-2014 12:27:17 :      Approved? : False
03-10-2014 12:27:17 :      Message   : The credit card has expired.
CallAuthorizeNetPayment...
03-10-2014 12:27:39 : CallAuthorizeNetPayment...
03-10-2014 12:27:39 : Authorize.net - Started
03-10-2014 12:27:46 : Authorize.net - Completed
03-10-2014 12:27:47 : Customer Profile ID : 98608917
03-10-2014 12:27:47 :      Approved? : True
03-10-2014 12:27:47 :      Message   : This transaction has been approved.
CallAuthorizeNetPayment...
03-10-2014 12:28:05 : CallPayPalPayment...
03-10-2014 12:28:07 : PayPal - Started
03-10-2014 12:28:17 : PayPal - Completed
03-10-2014 12:28:18 : Billing Agreement ID : B-64014079UE6965704
03-10-2014 12:28:18 :      Approved? : True
03-10-2014 12:28:18 :      Message   : SUCCESS
CallPayPalPayment...
03-10-2014 12:28:36 : 
03-10-2014 12:28:36 : Payment Processing for the day Completed!!!
---------------------------------------------------------
---------------------------------------------------------
03-10-2014 12:28:36 : De-Activate ExpiredSubscription Processing Started...
03-10-2014 12:28:36 : 
03-10-2014 12:28:38 : 
03-10-2014 12:28:38 : De-Activate ExpiredSubscription Processing for the day Completed!!!
---------------------------------------------------------
