---------------------------------------------------------
11-12-2015 01:59:35 : Payment Processing Started...
11-12-2015 01:59:35 : 
11-12-2015 01:59:35 : Processing Individual Payments...
11-12-2015 01:59:35 : CallAuthorizeNetPayment...
11-12-2015 01:59:36 : Authorize.net - Started
11-12-2015 01:59:59 : Authorize.net - Completed
11-12-2015 01:59:59 : Customer Profile ID : 31492015
11-12-2015 01:59:59 :      Approved? : True
11-12-2015 01:59:59 :      Message   : This transaction has been approved.
CallAuthorizeNetPayment...
11-12-2015 01:59:59 : 
11-12-2015 01:59:59 : Payment Processing for the day Completed!!!
---------------------------------------------------------
---------------------------------------------------------
11-12-2015 01:59:35 : Payment Processing Started...
11-12-2015 01:59:35 : 
11-12-2015 01:59:35 : Processing Individual Payments...
11-12-2015 01:59:35 : CallAuthorizeNetPayment...
11-12-2015 01:59:36 : Authorize.net - Started
11-12-2015 01:59:59 : Authorize.net - Completed
11-12-2015 01:59:59 : Customer Profile ID : 31492015
11-12-2015 01:59:59 :      Approved? : True
11-12-2015 01:59:59 :      Message   : This transaction has been approved.
CallAuthorizeNetPayment...
11-12-2015 01:59:59 : 
11-12-2015 01:59:59 : Payment Processing for the day Completed!!!
---------------------------------------------------------
---------------------------------------------------------
11-12-2015 01:59:59 : De-Activate ExpiredSubscription Processing Started...
11-12-2015 01:59:59 : 
11-12-2015 01:59:59 : 
11-12-2015 01:59:59 : De-Activate ExpiredSubscription Processing for the day Completed!!!
---------------------------------------------------------
