---------------------------------------------------------
11-12-2015 12:34:50 : Payment Processing Started...
11-12-2015 12:34:50 : 
11-12-2015 12:34:50 : Processing Individual Payments...
11-12-2015 12:34:50 : 
11-12-2015 12:34:50 : Payment Processing for the day Completed!!!
---------------------------------------------------------
---------------------------------------------------------
11-12-2015 12:34:50 : Payment Processing Started...
11-12-2015 12:34:50 : 
11-12-2015 12:34:50 : Processing Individual Payments...
11-12-2015 12:34:50 : 
11-12-2015 12:34:50 : Payment Processing for the day Completed!!!
---------------------------------------------------------
---------------------------------------------------------
11-12-2015 12:34:50 : De-Activate ExpiredSubscription Processing Started...
11-12-2015 12:34:50 : 
11-12-2015 12:34:50 : 
11-12-2015 12:34:50 : De-Activate ExpiredSubscription Processing for the day Completed!!!
---------------------------------------------------------
---------------------------------------------------------
11-12-2015 12:35:14 : Payment Processing Started...
11-12-2015 12:35:14 : 
11-12-2015 12:35:14 : Processing Individual Payments...
11-12-2015 12:35:14 : 
11-12-2015 12:35:14 : Payment Processing for the day Completed!!!
---------------------------------------------------------
---------------------------------------------------------
11-12-2015 12:35:14 : Payment Processing Started...
11-12-2015 12:35:14 : 
11-12-2015 12:35:14 : Processing Individual Payments...
11-12-2015 12:35:14 : 
11-12-2015 12:35:14 : Payment Processing for the day Completed!!!
---------------------------------------------------------
---------------------------------------------------------
11-12-2015 12:35:14 : De-Activate ExpiredSubscription Processing Started...
11-12-2015 12:35:14 : 
11-12-2015 12:35:14 : 
11-12-2015 12:35:14 : De-Activate ExpiredSubscription Processing for the day Completed!!!
---------------------------------------------------------
---------------------------------------------------------
11-12-2015 12:35:24 : Payment Processing Started...
11-12-2015 12:35:24 : 
11-12-2015 12:35:24 : Processing Individual Payments...
11-12-2015 12:35:24 : 
11-12-2015 12:35:24 : Payment Processing for the day Completed!!!
---------------------------------------------------------
---------------------------------------------------------
11-12-2015 12:35:24 : Payment Processing Started...
11-12-2015 12:35:24 : 
11-12-2015 12:35:24 : Processing Individual Payments...
11-12-2015 12:35:24 : 
11-12-2015 12:35:24 : Payment Processing for the day Completed!!!
---------------------------------------------------------
---------------------------------------------------------
11-12-2015 12:35:24 : De-Activate ExpiredSubscription Processing Started...
11-12-2015 12:35:24 : 
11-12-2015 12:35:24 : 
11-12-2015 12:35:24 : De-Activate ExpiredSubscription Processing for the day Completed!!!
---------------------------------------------------------
---------------------------------------------------------
11-12-2015 12:36:25 : Payment Processing Started...
11-12-2015 12:36:25 : 
11-12-2015 12:36:25 : Processing Individual Payments...
11-12-2015 12:36:25 : CallAuthorizeNetPayment...
11-12-2015 12:36:26 : Authorize.net - Started
11-12-2015 12:36:51 : Authorize.net - Completed
11-12-2015 12:36:51 : Customer Profile ID : 31492015
11-12-2015 12:36:51 :      Approved? : True
11-12-2015 12:36:51 :      Message   : This transaction has been approved.
CallAuthorizeNetPayment...
11-12-2015 12:36:51 : 
11-12-2015 12:36:51 : Payment Processing for the day Completed!!!
---------------------------------------------------------
---------------------------------------------------------
11-12-2015 12:36:25 : Payment Processing Started...
11-12-2015 12:36:25 : 
11-12-2015 12:36:25 : Processing Individual Payments...
11-12-2015 12:36:25 : CallAuthorizeNetPayment...
11-12-2015 12:36:26 : Authorize.net - Started
11-12-2015 12:36:51 : Authorize.net - Completed
11-12-2015 12:36:51 : Customer Profile ID : 31492015
11-12-2015 12:36:51 :      Approved? : True
11-12-2015 12:36:51 :      Message   : This transaction has been approved.
CallAuthorizeNetPayment...
11-12-2015 12:36:51 : 
11-12-2015 12:36:51 : Payment Processing for the day Completed!!!
---------------------------------------------------------
---------------------------------------------------------
11-12-2015 12:36:51 : De-Activate ExpiredSubscription Processing Started...
11-12-2015 12:36:51 : 
11-12-2015 12:36:51 : 
11-12-2015 12:36:51 : De-Activate ExpiredSubscription Processing for the day Completed!!!
---------------------------------------------------------
---------------------------------------------------------
11-12-2015 12:42:36 : Payment Processing Started...
11-12-2015 12:42:36 : 
11-12-2015 12:42:36 : Processing Individual Payments...
11-12-2015 12:42:36 : CallAuthorizeNetPayment...
11-12-2015 12:42:37 : Authorize.net - Started
11-12-2015 12:43:02 : Authorize.net - Completed
11-12-2015 12:43:02 : Customer Profile ID : 31492015
11-12-2015 12:43:02 :      Approved? : True
11-12-2015 12:43:02 :      Message   : This transaction has been approved.
CallAuthorizeNetPayment...
11-12-2015 12:43:02 : 
11-12-2015 12:43:02 : Payment Processing for the day Completed!!!
---------------------------------------------------------
---------------------------------------------------------
11-12-2015 12:42:36 : Payment Processing Started...
11-12-2015 12:42:36 : 
11-12-2015 12:42:36 : Processing Individual Payments...
11-12-2015 12:42:36 : CallAuthorizeNetPayment...
11-12-2015 12:42:37 : Authorize.net - Started
11-12-2015 12:43:02 : Authorize.net - Completed
11-12-2015 12:43:02 : Customer Profile ID : 31492015
11-12-2015 12:43:02 :      Approved? : True
11-12-2015 12:43:02 :      Message   : This transaction has been approved.
CallAuthorizeNetPayment...
11-12-2015 12:43:02 : 
11-12-2015 12:43:02 : Payment Processing for the day Completed!!!
---------------------------------------------------------
---------------------------------------------------------
11-12-2015 12:43:02 : De-Activate ExpiredSubscription Processing Started...
11-12-2015 12:43:02 : 
11-12-2015 12:43:02 : 
11-12-2015 12:43:02 : De-Activate ExpiredSubscription Processing for the day Completed!!!
---------------------------------------------------------
---------------------------------------------------------
11-12-2015 12:49:05 : Payment Processing Started...
11-12-2015 12:49:05 : 
11-12-2015 12:49:05 : Processing Individual Payments...
11-12-2015 12:49:05 : CallAuthorizeNetPayment...
11-12-2015 12:49:06 : Authorize.net - Started
11-12-2015 12:49:31 : Authorize.net - Completed
11-12-2015 12:49:31 : Customer Profile ID : 31492015
11-12-2015 12:49:31 :      Approved? : True
11-12-2015 12:49:31 :      Message   : This transaction has been approved.
CallAuthorizeNetPayment...
11-12-2015 12:49:31 : 
11-12-2015 12:49:31 : Payment Processing for the day Completed!!!
---------------------------------------------------------
---------------------------------------------------------
11-12-2015 12:49:05 : Payment Processing Started...
11-12-2015 12:49:05 : 
11-12-2015 12:49:05 : Processing Individual Payments...
11-12-2015 12:49:05 : CallAuthorizeNetPayment...
11-12-2015 12:49:06 : Authorize.net - Started
11-12-2015 12:49:31 : Authorize.net - Completed
11-12-2015 12:49:31 : Customer Profile ID : 31492015
11-12-2015 12:49:31 :      Approved? : True
11-12-2015 12:49:31 :      Message   : This transaction has been approved.
CallAuthorizeNetPayment...
11-12-2015 12:49:31 : 
11-12-2015 12:49:31 : Payment Processing for the day Completed!!!
---------------------------------------------------------
---------------------------------------------------------
11-12-2015 12:49:31 : De-Activate ExpiredSubscription Processing Started...
11-12-2015 12:49:31 : 
11-12-2015 12:49:31 : 
11-12-2015 12:49:31 : De-Activate ExpiredSubscription Processing for the day Completed!!!
---------------------------------------------------------
---------------------------------------------------------
11-12-2015 01:10:27 : Payment Processing Started...
11-12-2015 01:10:27 : 
11-12-2015 01:10:27 : Processing Individual Payments...
11-12-2015 01:10:27 : CallAuthorizeNetPayment...
11-12-2015 01:10:28 : Authorize.net - Started
11-12-2015 01:10:47 : Authorize.net - Completed
11-12-2015 01:10:47 : Customer Profile ID : 31492015
11-12-2015 01:10:47 :      Approved? : True
11-12-2015 01:10:47 :      Message   : This transaction has been approved.
CallAuthorizeNetPayment...
11-12-2015 01:10:47 : 
11-12-2015 01:10:47 : Payment Processing for the day Completed!!!
---------------------------------------------------------
---------------------------------------------------------
11-12-2015 01:10:27 : Payment Processing Started...
11-12-2015 01:10:27 : 
11-12-2015 01:10:27 : Processing Individual Payments...
11-12-2015 01:10:27 : CallAuthorizeNetPayment...
11-12-2015 01:10:28 : Authorize.net - Started
11-12-2015 01:10:47 : Authorize.net - Completed
11-12-2015 01:10:47 : Customer Profile ID : 31492015
11-12-2015 01:10:47 :      Approved? : True
11-12-2015 01:10:47 :      Message   : This transaction has been approved.
CallAuthorizeNetPayment...
11-12-2015 01:10:47 : 
11-12-2015 01:10:47 : Payment Processing for the day Completed!!!
---------------------------------------------------------
---------------------------------------------------------
11-12-2015 01:10:47 : De-Activate ExpiredSubscription Processing Started...
11-12-2015 01:10:47 : 
11-12-2015 01:10:47 : 
11-12-2015 01:10:47 : De-Activate ExpiredSubscription Processing for the day Completed!!!
---------------------------------------------------------
