---------------------------------------------------------
26-11-2015 01:07:29 : Payment Processing Started...
26-11-2015 01:07:29 : 
26-11-2015 01:07:29 : Processing Individual Payments...
26-11-2015 01:07:29 : 
26-11-2015 01:07:29 : Payment Processing for the day Completed!!!
---------------------------------------------------------
---------------------------------------------------------
26-11-2015 01:07:29 : Payment Processing Started...
26-11-2015 01:07:29 : 
26-11-2015 01:07:29 : Processing Individual Payments...
26-11-2015 01:07:29 : 
26-11-2015 01:07:29 : Payment Processing for the day Completed!!!
---------------------------------------------------------
---------------------------------------------------------
26-11-2015 01:07:29 : De-Activate ExpiredSubscription Processing Started...
26-11-2015 01:07:29 : 
26-11-2015 01:07:29 : 
26-11-2015 01:07:29 : De-Activate ExpiredSubscription Processing for the day Completed!!!
---------------------------------------------------------
---------------------------------------------------------
26-11-2015 01:07:47 : Payment Processing Started...
26-11-2015 01:07:47 : 
26-11-2015 01:07:47 : Processing Individual Payments...
26-11-2015 01:07:47 : 
26-11-2015 01:07:47 : Payment Processing for the day Completed!!!
---------------------------------------------------------
---------------------------------------------------------
26-11-2015 01:07:47 : Payment Processing Started...
26-11-2015 01:07:47 : 
26-11-2015 01:07:47 : Processing Individual Payments...
26-11-2015 01:07:47 : 
26-11-2015 01:07:47 : Payment Processing for the day Completed!!!
---------------------------------------------------------
---------------------------------------------------------
26-11-2015 01:07:47 : De-Activate ExpiredSubscription Processing Started...
26-11-2015 01:07:47 : 
26-11-2015 01:07:47 : 
26-11-2015 01:07:47 : De-Activate ExpiredSubscription Processing for the day Completed!!!
---------------------------------------------------------
---------------------------------------------------------
26-11-2015 01:08:02 : Payment Processing Started...
26-11-2015 01:08:02 : 
26-11-2015 01:08:02 : Processing Individual Payments...
26-11-2015 01:08:02 : 
26-11-2015 01:08:02 : Payment Processing for the day Completed!!!
---------------------------------------------------------
---------------------------------------------------------
26-11-2015 01:08:02 : Payment Processing Started...
26-11-2015 01:08:02 : 
26-11-2015 01:08:02 : Processing Individual Payments...
26-11-2015 01:08:02 : 
26-11-2015 01:08:02 : Payment Processing for the day Completed!!!
---------------------------------------------------------
---------------------------------------------------------
26-11-2015 01:08:02 : De-Activate ExpiredSubscription Processing Started...
26-11-2015 01:08:02 : 
26-11-2015 01:08:02 : 
26-11-2015 01:08:02 : De-Activate ExpiredSubscription Processing for the day Completed!!!
---------------------------------------------------------
---------------------------------------------------------
26-11-2015 01:09:00 : Payment Processing Started...
26-11-2015 01:09:00 : 
26-11-2015 01:09:00 : Processing Individual Payments...
26-11-2015 01:09:00 : 
26-11-2015 01:09:00 : Payment Processing for the day Completed!!!
---------------------------------------------------------
---------------------------------------------------------
26-11-2015 01:09:00 : Payment Processing Started...
26-11-2015 01:09:00 : 
26-11-2015 01:09:00 : Processing Individual Payments...
26-11-2015 01:09:00 : 
26-11-2015 01:09:00 : Payment Processing for the day Completed!!!
---------------------------------------------------------
---------------------------------------------------------
26-11-2015 01:09:00 : De-Activate ExpiredSubscription Processing Started...
26-11-2015 01:09:00 : 
26-11-2015 01:09:00 : 
26-11-2015 01:09:00 : De-Activate ExpiredSubscription Processing for the day Completed!!!
---------------------------------------------------------
---------------------------------------------------------
26-11-2015 01:09:06 : Payment Processing Started...
26-11-2015 01:09:06 : 
26-11-2015 01:09:06 : Processing Individual Payments...
26-11-2015 01:09:06 : 
26-11-2015 01:09:06 : Payment Processing for the day Completed!!!
---------------------------------------------------------
---------------------------------------------------------
26-11-2015 01:09:06 : Payment Processing Started...
26-11-2015 01:09:06 : 
26-11-2015 01:09:06 : Processing Individual Payments...
26-11-2015 01:09:06 : 
26-11-2015 01:09:06 : Payment Processing for the day Completed!!!
---------------------------------------------------------
---------------------------------------------------------
26-11-2015 01:09:06 : De-Activate ExpiredSubscription Processing Started...
26-11-2015 01:09:06 : 
26-11-2015 01:09:06 : 
26-11-2015 01:09:06 : De-Activate ExpiredSubscription Processing for the day Completed!!!
---------------------------------------------------------
---------------------------------------------------------
26-11-2015 01:09:17 : Payment Processing Started...
26-11-2015 01:09:17 : 
26-11-2015 01:09:17 : Processing Individual Payments...
26-11-2015 01:09:17 : 
26-11-2015 01:09:17 : Payment Processing for the day Completed!!!
---------------------------------------------------------
---------------------------------------------------------
26-11-2015 01:09:17 : Payment Processing Started...
26-11-2015 01:09:17 : 
26-11-2015 01:09:17 : Processing Individual Payments...
26-11-2015 01:09:17 : 
26-11-2015 01:09:17 : Payment Processing for the day Completed!!!
---------------------------------------------------------
---------------------------------------------------------
26-11-2015 01:09:17 : De-Activate ExpiredSubscription Processing Started...
26-11-2015 01:09:17 : 
26-11-2015 01:09:17 : 
26-11-2015 01:09:17 : De-Activate ExpiredSubscription Processing for the day Completed!!!
---------------------------------------------------------
---------------------------------------------------------
26-11-2015 01:09:44 : Payment Processing Started...
26-11-2015 01:09:44 : 
26-11-2015 01:09:44 : Processing Individual Payments...
26-11-2015 01:09:46 : CallPayPalPayment...
26-11-2015 01:09:59 : PayPal - Started
26-11-2015 01:11:25 : PayPal - Completed
26-11-2015 01:11:25 : Billing Agreement ID : B-0E120776LL621931R
26-11-2015 01:11:25 :      Approved? : True
26-11-2015 01:11:25 :      Message   : SUCCESS
CallPayPalPayment...
26-11-2015 01:11:25 : 
26-11-2015 01:11:25 : Payment Processing for the day Completed!!!
---------------------------------------------------------
---------------------------------------------------------
26-11-2015 01:09:44 : Payment Processing Started...
26-11-2015 01:09:44 : 
26-11-2015 01:09:44 : Processing Individual Payments...
26-11-2015 01:09:46 : CallPayPalPayment...
26-11-2015 01:09:59 : PayPal - Started
26-11-2015 01:11:25 : PayPal - Completed
26-11-2015 01:11:25 : Billing Agreement ID : B-0E120776LL621931R
26-11-2015 01:11:25 :      Approved? : True
26-11-2015 01:11:25 :      Message   : SUCCESS
CallPayPalPayment...
26-11-2015 01:11:25 : 
26-11-2015 01:11:25 : Payment Processing for the day Completed!!!
---------------------------------------------------------
---------------------------------------------------------
26-11-2015 01:11:25 : De-Activate ExpiredSubscription Processing Started...
26-11-2015 01:11:25 : 
26-11-2015 01:11:25 : 
26-11-2015 01:11:25 : De-Activate ExpiredSubscription Processing for the day Completed!!!
---------------------------------------------------------
