---------------------------------------------------------
26-11-2015 03:30:26 : Payment Processing Started...
26-11-2015 03:30:26 : 
26-11-2015 03:30:26 : Processing Individual Service Check...
26-11-2015 03:30:27 : CallAuthorizeNetPayment...
26-11-2015 03:30:27 : Authorize.net - Started
26-11-2015 03:30:34 : Authorize.net - Completed
CallAuthorizeNetPayment...
26-11-2015 03:30:34 : CallAuthorizeNetPayment...
26-11-2015 03:30:34 : Authorize.net - Started
26-11-2015 03:30:42 : Authorize.net - Completed
CallAuthorizeNetPayment...
26-11-2015 03:30:42 : CallAuthorizeNetPayment...
26-11-2015 03:30:42 : Authorize.net - Started
26-11-2015 03:30:56 : Authorize.net - Completed
CallAuthorizeNetPayment...
26-11-2015 03:30:56 : CallAuthorizeNetPayment...
26-11-2015 03:30:56 : Authorize.net - Started
26-11-2015 03:31:05 : Authorize.net - Completed
CallAuthorizeNetPayment...
26-11-2015 03:31:05 : CallAuthorizeNetPayment...
26-11-2015 03:31:05 : Authorize.net - Started
26-11-2015 03:31:34 : Error while Processing: StartIndex cannot be less than zero.
Parameter name: startIndex
26-11-2015 03:31:34 : 
26-11-2015 03:31:34 : Payment Processing for the day Completed!!!
---------------------------------------------------------
---------------------------------------------------------
26-11-2015 03:30:26 : Payment Processing Started...
26-11-2015 03:30:26 : 
26-11-2015 03:30:26 : Processing Individual Service Check...
26-11-2015 03:30:27 : CallAuthorizeNetPayment...
26-11-2015 03:30:27 : Authorize.net - Started
26-11-2015 03:30:34 : Authorize.net - Completed
CallAuthorizeNetPayment...
26-11-2015 03:30:34 : CallAuthorizeNetPayment...
26-11-2015 03:30:34 : Authorize.net - Started
26-11-2015 03:30:42 : Authorize.net - Completed
CallAuthorizeNetPayment...
26-11-2015 03:30:42 : CallAuthorizeNetPayment...
26-11-2015 03:30:42 : Authorize.net - Started
26-11-2015 03:30:56 : Authorize.net - Completed
CallAuthorizeNetPayment...
26-11-2015 03:30:56 : CallAuthorizeNetPayment...
26-11-2015 03:30:56 : Authorize.net - Started
26-11-2015 03:31:05 : Authorize.net - Completed
CallAuthorizeNetPayment...
26-11-2015 03:31:05 : CallAuthorizeNetPayment...
26-11-2015 03:31:05 : Authorize.net - Started
26-11-2015 03:31:34 : Error while Processing: StartIndex cannot be less than zero.
Parameter name: startIndex
26-11-2015 03:31:34 : 
26-11-2015 03:31:34 : Payment Processing for the day Completed!!!
---------------------------------------------------------
---------------------------------------------------------
26-11-2015 03:31:34 : De-Activate ExpiredSubscription Processing Started...
26-11-2015 03:31:34 : 
26-11-2015 03:31:34 : 
26-11-2015 03:31:34 : De-Activate ExpiredSubscription Processing for the day Completed!!!
---------------------------------------------------------
---------------------------------------------------------
26-11-2015 03:38:01 : Payment Processing Started...
26-11-2015 03:38:01 : 
26-11-2015 03:38:01 : Processing Individual Service Check...
26-11-2015 03:38:01 : CallAuthorizeNetPayment...
26-11-2015 03:38:01 : Authorize.net - Started
26-11-2015 03:38:03 : Authorize.net - Completed
CallAuthorizeNetPayment...
26-11-2015 03:38:03 : CallAuthorizeNetPayment...
26-11-2015 03:38:03 : Authorize.net - Started
26-11-2015 03:38:03 : Authorize.net - Completed
CallAuthorizeNetPayment...
26-11-2015 03:38:03 : CallAuthorizeNetPayment...
26-11-2015 03:38:03 : Authorize.net - Started
26-11-2015 03:38:04 : Authorize.net - Completed
CallAuthorizeNetPayment...
26-11-2015 03:38:04 : CallAuthorizeNetPayment...
26-11-2015 03:38:04 : Authorize.net - Started
26-11-2015 03:38:04 : Authorize.net - Completed
CallAuthorizeNetPayment...
26-11-2015 03:38:04 : CallAuthorizeNetPayment...
26-11-2015 03:38:04 : Authorize.net - Started
26-11-2015 03:38:12 : Authorize.net - Completed
CallAuthorizeNetPayment...
26-11-2015 03:38:12 : 
26-11-2015 03:38:12 : Payment Processing for the day Completed!!!
---------------------------------------------------------
---------------------------------------------------------
26-11-2015 03:38:01 : Payment Processing Started...
26-11-2015 03:38:01 : 
26-11-2015 03:38:01 : Processing Individual Service Check...
26-11-2015 03:38:01 : CallAuthorizeNetPayment...
26-11-2015 03:38:01 : Authorize.net - Started
26-11-2015 03:38:03 : Authorize.net - Completed
CallAuthorizeNetPayment...
26-11-2015 03:38:03 : CallAuthorizeNetPayment...
26-11-2015 03:38:03 : Authorize.net - Started
26-11-2015 03:38:03 : Authorize.net - Completed
CallAuthorizeNetPayment...
26-11-2015 03:38:03 : CallAuthorizeNetPayment...
26-11-2015 03:38:03 : Authorize.net - Started
26-11-2015 03:38:04 : Authorize.net - Completed
CallAuthorizeNetPayment...
26-11-2015 03:38:04 : CallAuthorizeNetPayment...
26-11-2015 03:38:04 : Authorize.net - Started
26-11-2015 03:38:04 : Authorize.net - Completed
CallAuthorizeNetPayment...
26-11-2015 03:38:04 : CallAuthorizeNetPayment...
26-11-2015 03:38:04 : Authorize.net - Started
26-11-2015 03:38:12 : Authorize.net - Completed
CallAuthorizeNetPayment...
26-11-2015 03:38:12 : 
26-11-2015 03:38:12 : Payment Processing for the day Completed!!!
---------------------------------------------------------
---------------------------------------------------------
26-11-2015 03:38:12 : De-Activate ExpiredSubscription Processing Started...
26-11-2015 03:38:12 : 
26-11-2015 03:38:12 : 
26-11-2015 03:38:12 : De-Activate ExpiredSubscription Processing for the day Completed!!!
---------------------------------------------------------
