---------------------------------------------------------
27-10-2014 12:07:29 : Payment Processing Started...
27-10-2014 12:07:29 : 
27-10-2014 12:07:33 : Processing Individual Payments...
27-10-2014 12:07:34 : CallAuthorizeNetPayment...
27-10-2014 12:07:39 : Authorize.net - Started
27-10-2014 12:07:45 : Authorize.net - Completed
27-10-2014 12:07:46 : Customer Profile ID : 114369999
27-10-2014 12:07:46 :      Approved? : True
27-10-2014 12:07:46 :      Message   : This transaction has been approved.
CallAuthorizeNetPayment...
27-10-2014 12:08:05 : CallPayPalPayment...
27-10-2014 12:08:06 : PayPal - Started
27-10-2014 12:08:13 : PayPal - Completed
27-10-2014 12:08:14 : Billing Agreement ID : B-7F195424KC117104U
27-10-2014 12:08:14 :      Approved? : True
27-10-2014 12:08:14 :      Message   : SUCCESS
CallPayPalPayment...
27-10-2014 12:08:36 : 
27-10-2014 12:08:36 : Payment Processing for the day Completed!!!
---------------------------------------------------------
---------------------------------------------------------
27-10-2014 12:07:29 : Payment Processing Started...
27-10-2014 12:07:29 : 
27-10-2014 12:07:33 : Processing Individual Payments...
27-10-2014 12:07:34 : CallAuthorizeNetPayment...
27-10-2014 12:07:39 : Authorize.net - Started
27-10-2014 12:07:45 : Authorize.net - Completed
27-10-2014 12:07:46 : Customer Profile ID : 114369999
27-10-2014 12:07:46 :      Approved? : True
27-10-2014 12:07:46 :      Message   : This transaction has been approved.
CallAuthorizeNetPayment...
27-10-2014 12:08:05 : CallPayPalPayment...
27-10-2014 12:08:06 : PayPal - Started
27-10-2014 12:08:13 : PayPal - Completed
27-10-2014 12:08:14 : Billing Agreement ID : B-7F195424KC117104U
27-10-2014 12:08:14 :      Approved? : True
27-10-2014 12:08:14 :      Message   : SUCCESS
CallPayPalPayment...
27-10-2014 12:08:36 : 
27-10-2014 12:08:36 : Payment Processing for the day Completed!!!
---------------------------------------------------------
---------------------------------------------------------
27-10-2014 12:08:36 : De-Activate ExpiredSubscription Processing Started...
27-10-2014 12:08:36 : 
27-10-2014 12:08:37 : 
27-10-2014 12:08:37 : De-Activate ExpiredSubscription Processing for the day Completed!!!
---------------------------------------------------------
