---------------------------------------------------------
28-09-2014 09:15:37 : Payment Processing Started...
28-09-2014 09:15:37 : 
28-09-2014 09:15:44 : Processing Individual Payments...
28-09-2014 09:15:44 : CallPayPalPayment...
28-09-2014 09:15:52 : PayPal - Started
28-09-2014 09:16:01 : PayPal - Completed
28-09-2014 09:16:02 : Billing Agreement ID : B-6UB45696FE121950R
28-09-2014 09:16:02 :      Approved? : True
28-09-2014 09:16:02 :      Message   : SUCCESS
CallPayPalPayment...
28-09-2014 09:16:21 : 
28-09-2014 09:16:21 : Payment Processing for the day Completed!!!
---------------------------------------------------------
---------------------------------------------------------
28-09-2014 09:15:37 : Payment Processing Started...
28-09-2014 09:15:37 : 
28-09-2014 09:15:44 : Processing Individual Payments...
28-09-2014 09:15:44 : CallPayPalPayment...
28-09-2014 09:15:52 : PayPal - Started
28-09-2014 09:16:01 : PayPal - Completed
28-09-2014 09:16:02 : Billing Agreement ID : B-6UB45696FE121950R
28-09-2014 09:16:02 :      Approved? : True
28-09-2014 09:16:02 :      Message   : SUCCESS
CallPayPalPayment...
28-09-2014 09:16:21 : 
28-09-2014 09:16:21 : Payment Processing for the day Completed!!!
---------------------------------------------------------
---------------------------------------------------------
28-09-2014 09:16:21 : De-Activate ExpiredSubscription Processing Started...
28-09-2014 09:16:21 : 
28-09-2014 09:16:22 : 
28-09-2014 09:16:22 : De-Activate ExpiredSubscription Processing for the day Completed!!!
---------------------------------------------------------
