---------------------------------------------------------
24-10-2014 08:54:00 : Payment Processing Started...
24-10-2014 08:54:00 : 
24-10-2014 08:54:06 : Processing Individual Payments...
24-10-2014 08:54:06 : CallPayPalPayment...
24-10-2014 08:54:13 : PayPal - Started
24-10-2014 08:54:21 : PayPal - Completed
24-10-2014 08:54:22 : Billing Agreement ID : B-94T7652149787083U
24-10-2014 08:54:22 :      Approved? : True
24-10-2014 08:54:22 :      Message   : SUCCESS
CallPayPalPayment...
24-10-2014 08:54:45 : 
24-10-2014 08:54:45 : Payment Processing for the day Completed!!!
---------------------------------------------------------
---------------------------------------------------------
24-10-2014 08:54:00 : Payment Processing Started...
24-10-2014 08:54:00 : 
24-10-2014 08:54:06 : Processing Individual Payments...
24-10-2014 08:54:06 : CallPayPalPayment...
24-10-2014 08:54:13 : PayPal - Started
24-10-2014 08:54:21 : PayPal - Completed
24-10-2014 08:54:22 : Billing Agreement ID : B-94T7652149787083U
24-10-2014 08:54:22 :      Approved? : True
24-10-2014 08:54:22 :      Message   : SUCCESS
CallPayPalPayment...
24-10-2014 08:54:45 : 
24-10-2014 08:54:45 : Payment Processing for the day Completed!!!
---------------------------------------------------------
---------------------------------------------------------
24-10-2014 08:54:45 : De-Activate ExpiredSubscription Processing Started...
24-10-2014 08:54:45 : 
24-10-2014 08:54:46 : 
24-10-2014 08:54:46 : De-Activate ExpiredSubscription Processing for the day Completed!!!
---------------------------------------------------------
