---------------------------------------------------------
02-10-2014 04:40:55 : Payment Processing Started...
02-10-2014 04:40:55 : 
02-10-2014 04:41:01 : Processing Individual Payments...
02-10-2014 04:41:01 : CallPayPalPayment...
02-10-2014 04:41:09 : PayPal - Started
02-10-2014 04:41:17 : PayPal - Completed
02-10-2014 04:41:18 : Billing Agreement ID : B-98N658971J849735X
02-10-2014 04:41:18 :      Approved? : True
02-10-2014 04:41:18 :      Message   : SUCCESS
CallPayPalPayment...
02-10-2014 04:41:42 : 
02-10-2014 04:41:42 : Payment Processing for the day Completed!!!
---------------------------------------------------------
---------------------------------------------------------
02-10-2014 04:40:55 : Payment Processing Started...
02-10-2014 04:40:55 : 
02-10-2014 04:41:01 : Processing Individual Payments...
02-10-2014 04:41:01 : CallPayPalPayment...
02-10-2014 04:41:09 : PayPal - Started
02-10-2014 04:41:17 : PayPal - Completed
02-10-2014 04:41:18 : Billing Agreement ID : B-98N658971J849735X
02-10-2014 04:41:18 :      Approved? : True
02-10-2014 04:41:18 :      Message   : SUCCESS
CallPayPalPayment...
02-10-2014 04:41:42 : 
02-10-2014 04:41:42 : Payment Processing for the day Completed!!!
---------------------------------------------------------
---------------------------------------------------------
02-10-2014 04:41:42 : De-Activate ExpiredSubscription Processing Started...
02-10-2014 04:41:42 : 
02-10-2014 04:41:43 : 
02-10-2014 04:41:43 : De-Activate ExpiredSubscription Processing for the day Completed!!!
---------------------------------------------------------
