---------------------------------------------------------
02-01-2015 01:01:38 : Payment Processing Started...
02-01-2015 01:01:38 : 
02-01-2015 01:01:44 : Processing Individual Payments...
02-01-2015 01:01:44 : CallAuthorizeNetPayment...
02-01-2015 01:01:52 : Authorize.net - Started
02-01-2015 01:01:59 : Authorize.net - Completed
02-01-2015 01:02:00 : Customer Profile ID : 102380829
02-01-2015 01:02:00 :      Approved? : True
02-01-2015 01:02:00 :      Message   : This transaction has been approved.
CallAuthorizeNetPayment...
02-01-2015 01:02:18 : CallAuthorizeNetPayment...
02-01-2015 01:02:19 : Authorize.net - Started
02-01-2015 01:02:23 : Authorize.net - Completed
02-01-2015 01:02:24 : Customer Profile ID : 113677129
02-01-2015 01:02:24 :      Approved? : False
02-01-2015 01:02:24 :      Message   : This transaction has been declined.
CallAuthorizeNetPayment...
02-01-2015 01:02:42 : CallAuthorizeNetPayment...
02-01-2015 01:02:43 : Authorize.net - Started
02-01-2015 01:02:46 : Authorize.net - Completed
02-01-2015 01:02:46 : Customer Profile ID : 122690828
02-01-2015 01:02:46 :      Approved? : False
02-01-2015 01:02:46 :      Message   : This transaction has been declined.
CallAuthorizeNetPayment...
02-01-2015 01:03:03 : CallPayPalPayment...
02-01-2015 01:03:04 : PayPal - Started
02-01-2015 01:03:11 : PayPal - Completed
02-01-2015 01:03:12 : Billing Agreement ID : B-1YL23677714000254
02-01-2015 01:03:12 :      Approved? : True
02-01-2015 01:03:12 :      Message   : SUCCESS
CallPayPalPayment...
02-01-2015 01:03:28 : CallPayPalPayment...
02-01-2015 01:03:29 : PayPal - Started
02-01-2015 01:03:34 : PayPal - Completed
02-01-2015 01:03:35 : Billing Agreement ID : B-98N658971J849735X
02-01-2015 01:03:35 :      Approved? : True
02-01-2015 01:03:35 :      Message   : SUCCESS
CallPayPalPayment...
02-01-2015 01:03:56 : CallPayPalPayment...
02-01-2015 01:03:56 : PayPal - Started
02-01-2015 01:04:03 : PayPal - Completed
02-01-2015 01:04:03 : Billing Agreement ID : B-01K388957A4105715
02-01-2015 01:04:03 :      Approved? : True
02-01-2015 01:04:03 :      Message   : SUCCESS
CallPayPalPayment...
02-01-2015 01:04:20 : CallPayPalPayment...
02-01-2015 01:04:21 : PayPal - Started
02-01-2015 01:04:27 : PayPal - Completed
02-01-2015 01:04:28 : Billing Agreement ID : B-9DF60706SP109021P
02-01-2015 01:04:28 :      Approved? : True
02-01-2015 01:04:28 :      Message   : SUCCESS
CallPayPalPayment...
02-01-2015 01:04:45 : 
02-01-2015 01:04:45 : Payment Processing for the day Completed!!!
---------------------------------------------------------
---------------------------------------------------------
02-01-2015 01:01:38 : Payment Processing Started...
02-01-2015 01:01:38 : 
02-01-2015 01:01:44 : Processing Individual Payments...
02-01-2015 01:01:44 : CallAuthorizeNetPayment...
02-01-2015 01:01:52 : Authorize.net - Started
02-01-2015 01:01:59 : Authorize.net - Completed
02-01-2015 01:02:00 : Customer Profile ID : 102380829
02-01-2015 01:02:00 :      Approved? : True
02-01-2015 01:02:00 :      Message   : This transaction has been approved.
CallAuthorizeNetPayment...
02-01-2015 01:02:18 : CallAuthorizeNetPayment...
02-01-2015 01:02:19 : Authorize.net - Started
02-01-2015 01:02:23 : Authorize.net - Completed
02-01-2015 01:02:24 : Customer Profile ID : 113677129
02-01-2015 01:02:24 :      Approved? : False
02-01-2015 01:02:24 :      Message   : This transaction has been declined.
CallAuthorizeNetPayment...
02-01-2015 01:02:42 : CallAuthorizeNetPayment...
02-01-2015 01:02:43 : Authorize.net - Started
02-01-2015 01:02:46 : Authorize.net - Completed
02-01-2015 01:02:46 : Customer Profile ID : 122690828
02-01-2015 01:02:46 :      Approved? : False
02-01-2015 01:02:46 :      Message   : This transaction has been declined.
CallAuthorizeNetPayment...
02-01-2015 01:03:03 : CallPayPalPayment...
02-01-2015 01:03:04 : PayPal - Started
02-01-2015 01:03:11 : PayPal - Completed
02-01-2015 01:03:12 : Billing Agreement ID : B-1YL23677714000254
02-01-2015 01:03:12 :      Approved? : True
02-01-2015 01:03:12 :      Message   : SUCCESS
CallPayPalPayment...
02-01-2015 01:03:28 : CallPayPalPayment...
02-01-2015 01:03:29 : PayPal - Started
02-01-2015 01:03:34 : PayPal - Completed
02-01-2015 01:03:35 : Billing Agreement ID : B-98N658971J849735X
02-01-2015 01:03:35 :      Approved? : True
02-01-2015 01:03:35 :      Message   : SUCCESS
CallPayPalPayment...
02-01-2015 01:03:56 : CallPayPalPayment...
02-01-2015 01:03:56 : PayPal - Started
02-01-2015 01:04:03 : PayPal - Completed
02-01-2015 01:04:03 : Billing Agreement ID : B-01K388957A4105715
02-01-2015 01:04:03 :      Approved? : True
02-01-2015 01:04:03 :      Message   : SUCCESS
CallPayPalPayment...
02-01-2015 01:04:20 : CallPayPalPayment...
02-01-2015 01:04:21 : PayPal - Started
02-01-2015 01:04:27 : PayPal - Completed
02-01-2015 01:04:28 : Billing Agreement ID : B-9DF60706SP109021P
02-01-2015 01:04:28 :      Approved? : True
02-01-2015 01:04:28 :      Message   : SUCCESS
CallPayPalPayment...
02-01-2015 01:04:45 : 
02-01-2015 01:04:45 : Payment Processing for the day Completed!!!
---------------------------------------------------------
---------------------------------------------------------
02-01-2015 01:04:45 : De-Activate ExpiredSubscription Processing Started...
02-01-2015 01:04:45 : 
02-01-2015 01:04:46 : 
02-01-2015 01:04:46 : De-Activate ExpiredSubscription Processing for the day Completed!!!
---------------------------------------------------------
