---------------------------------------------------------
24-12-2015 11:34:46 : Payment Processing Notification Started...
24-12-2015 11:34:46 : 
24-12-2015 11:34:47 : Processing Individual Payments Notification...
24-12-2015 11:34:47 : CallAuthorizeNetPayment Notification...
24-12-2015 11:34:50 : Authorize.net - Started
24-12-2015 11:34:56 : Authorize.net - Completed
24-12-2015 11:34:56 : 
24-12-2015 11:34:56 : Payment Processing Notification for the day Completed!!!
---------------------------------------------------------
---------------------------------------------------------
24-12-2015 11:36:43 : Payment Processing Notification Started...
24-12-2015 11:36:43 : 
24-12-2015 11:36:43 : Processing Individual Payments Notification...
24-12-2015 11:36:43 : CallAuthorizeNetPayment Notification...
24-12-2015 11:36:43 : Authorize.net - Started
24-12-2015 11:36:48 : Authorize.net - Completed
24-12-2015 11:36:48 : 
24-12-2015 11:36:48 : Payment Processing Notification for the day Completed!!!
---------------------------------------------------------
---------------------------------------------------------
24-12-2015 01:44:27 : Payment Processing Notification Started...
24-12-2015 01:44:27 : 
24-12-2015 01:44:27 : Processing Individual Payments Notification...
24-12-2015 01:44:27 : CallAuthorizeNetPayment Notification...
24-12-2015 01:44:27 : Authorize.net - Started
24-12-2015 01:44:32 : Authorize.net - Completed
24-12-2015 01:44:32 : 
24-12-2015 01:44:32 : Payment Processing Notification for the day Completed!!!
---------------------------------------------------------
---------------------------------------------------------
24-12-2015 01:46:29 : Payment Processing Notification Started...
24-12-2015 01:46:29 : 
24-12-2015 01:46:30 : Processing Individual Payments Notification...
24-12-2015 01:46:30 : CallAuthorizeNetPayment Notification...
24-12-2015 01:46:30 : Authorize.net - Started
24-12-2015 01:46:37 : Authorize.net - Completed
24-12-2015 01:46:37 : 
24-12-2015 01:46:37 : Payment Processing Notification for the day Completed!!!
---------------------------------------------------------
---------------------------------------------------------
24-12-2015 01:47:08 : Payment Processing Notification Started...
24-12-2015 01:47:08 : 
24-12-2015 01:47:08 : Processing Individual Payments Notification...
24-12-2015 01:47:08 : CallAuthorizeNetPayment Notification...
24-12-2015 01:47:08 : Authorize.net - Started
24-12-2015 01:47:30 : Authorize.net - Completed
24-12-2015 01:47:30 : 
24-12-2015 01:47:30 : Payment Processing Notification for the day Completed!!!
---------------------------------------------------------
---------------------------------------------------------
24-12-2015 01:49:33 : Payment Processing Notification Started...
24-12-2015 01:49:33 : 
24-12-2015 01:49:33 : Processing Individual Payments Notification...
24-12-2015 01:49:33 : CallAuthorizeNetPayment Notification...
24-12-2015 01:49:33 : Authorize.net - Started
24-12-2015 01:49:38 : Authorize.net - Completed
24-12-2015 01:49:38 : 
24-12-2015 01:49:38 : Payment Processing Notification for the day Completed!!!
---------------------------------------------------------
---------------------------------------------------------
24-12-2015 01:51:11 : Payment Processing Notification Started...
24-12-2015 01:51:11 : 
24-12-2015 01:51:11 : Processing Individual Payments Notification...
24-12-2015 01:51:11 : CallAuthorizeNetPayment Notification...
24-12-2015 01:51:12 : Authorize.net - Started
24-12-2015 01:51:16 : Authorize.net - Completed
24-12-2015 01:51:16 : 
24-12-2015 01:51:16 : Payment Processing Notification for the day Completed!!!
---------------------------------------------------------
---------------------------------------------------------
24-12-2015 02:30:29 : Payment Processing Notification Started...
24-12-2015 02:30:29 : 
24-12-2015 02:30:29 : Processing Individual Payments Notification...
24-12-2015 02:30:29 : CallAuthorizeNetPayment Notification...
24-12-2015 02:30:30 : Authorize.net - Started
24-12-2015 02:30:35 : Authorize.net - Completed
24-12-2015 02:30:35 : 
24-12-2015 02:30:35 : Payment Processing Notification for the day Completed!!!
---------------------------------------------------------
---------------------------------------------------------
24-12-2015 02:33:27 : Payment Processing Notification Started...
24-12-2015 02:33:27 : 
24-12-2015 02:33:27 : Processing Individual Payments Notification...
24-12-2015 02:33:28 : CallAuthorizeNetPayment Notification...
24-12-2015 02:33:28 : Authorize.net - Started
24-12-2015 02:33:33 : Authorize.net - Completed
24-12-2015 02:33:33 : 
24-12-2015 02:33:33 : Payment Processing Notification for the day Completed!!!
---------------------------------------------------------
---------------------------------------------------------
24-12-2015 02:34:06 : Payment Processing Notification Started...
24-12-2015 02:34:06 : 
24-12-2015 02:34:06 : Processing Individual Payments Notification...
24-12-2015 02:34:06 : CallAuthorizeNetPayment Notification...
24-12-2015 02:34:07 : Authorize.net - Started
24-12-2015 02:34:36 : Authorize.net - Completed
24-12-2015 02:34:36 : 
24-12-2015 02:34:36 : Payment Processing Notification for the day Completed!!!
---------------------------------------------------------
---------------------------------------------------------
24-12-2015 02:38:50 : Payment Processing Notification Started...
24-12-2015 02:38:50 : 
24-12-2015 02:38:50 : Processing Individual Payments Notification...
24-12-2015 02:38:50 : CallAuthorizeNetPayment Notification...
24-12-2015 02:38:51 : Authorize.net - Started
24-12-2015 02:38:55 : Authorize.net - Completed
24-12-2015 02:38:55 : 
24-12-2015 02:38:55 : Payment Processing Notification for the day Completed!!!
---------------------------------------------------------
---------------------------------------------------------
24-12-2015 02:39:35 : Payment Processing Notification Started...
24-12-2015 02:39:35 : 
24-12-2015 02:39:36 : Processing Individual Payments Notification...
24-12-2015 02:39:36 : CallAuthorizeNetPayment Notification...
24-12-2015 02:39:36 : Authorize.net - Started
24-12-2015 02:39:41 : Authorize.net - Completed
24-12-2015 02:39:41 : 
24-12-2015 02:39:41 : Payment Processing Notification for the day Completed!!!
---------------------------------------------------------
---------------------------------------------------------
24-12-2015 02:40:24 : Payment Processing Notification Started...
24-12-2015 02:40:24 : 
24-12-2015 02:40:24 : Processing Individual Payments Notification...
24-12-2015 02:40:24 : CallAuthorizeNetPayment Notification...
24-12-2015 02:40:25 : Authorize.net - Started
24-12-2015 02:40:29 : Authorize.net - Completed
24-12-2015 02:40:29 : 
24-12-2015 02:40:29 : Payment Processing Notification for the day Completed!!!
---------------------------------------------------------
---------------------------------------------------------
24-12-2015 02:41:22 : Payment Processing Notification Started...
24-12-2015 02:41:22 : 
24-12-2015 02:41:22 : Processing Individual Payments Notification...
24-12-2015 02:41:22 : CallAuthorizeNetPayment Notification...
24-12-2015 02:41:23 : Authorize.net - Started
24-12-2015 02:41:27 : Authorize.net - Completed
24-12-2015 02:41:27 : 
24-12-2015 02:41:27 : Payment Processing Notification for the day Completed!!!
---------------------------------------------------------
---------------------------------------------------------
24-12-2015 02:43:48 : Payment Processing Notification Started...
24-12-2015 02:43:48 : 
24-12-2015 02:43:48 : Processing Individual Payments Notification...
24-12-2015 02:43:48 : CallAuthorizeNetPayment Notification...
24-12-2015 02:43:49 : Authorize.net - Started
24-12-2015 02:43:53 : Authorize.net - Completed
24-12-2015 02:43:53 : 
24-12-2015 02:43:53 : Payment Processing Notification for the day Completed!!!
---------------------------------------------------------
---------------------------------------------------------
24-12-2015 02:44:36 : Payment Processing Notification Started...
24-12-2015 02:44:36 : 
24-12-2015 02:44:37 : Processing Individual Payments Notification...
24-12-2015 02:44:37 : CallAuthorizeNetPayment Notification...
24-12-2015 02:44:37 : Authorize.net - Started
24-12-2015 02:44:41 : Authorize.net - Completed
24-12-2015 02:44:41 : 
24-12-2015 02:44:41 : Payment Processing Notification for the day Completed!!!
---------------------------------------------------------
